<?xml version="1.0" encoding="UTF-8"?>
<testng-results ignored="0" total="1" passed="1" failed="0" skipped="0">
  <reporter-output>
  </reporter-output>
  <suite started-at="2022-04-30T11:26:22 IST" name="Default suite" finished-at="2022-04-30T11:26:22 IST" duration-ms="102">
    <groups>
    </groups>
    <test started-at="2022-04-30T11:26:22 IST" name="Default test" finished-at="2022-04-30T11:26:22 IST" duration-ms="102">
      <class name="prac1.GitDemo">
        <test-method signature="m1()[pri:0, instance:prac1.GitDemo@62e7f11d]" started-at="2022-04-30T11:26:22 IST" name="m1" finished-at="2022-04-30T11:26:22 IST" duration-ms="16" status="PASS">
          <reporter-output>
          </reporter-output>
        </test-method> <!-- m1 -->
      </class> <!-- prac1.GitDemo -->
    </test> <!-- Default test -->
  </suite> <!-- Default suite -->
</testng-results>
